#
# A fatal error has been detected by the Java Runtime Environment:
#
#  SIGSEGV (0xb) at pc=0xb2f12095, pid=3202, tid=3059284800
#
# JRE version: OpenJDK Runtime Environment (7.0_79-b14) (build 1.7.0_79-b14)
# Java VM: OpenJDK Server VM (24.79-b02 mixed mode linux-x86 )
# Derivative: IcedTea 2.5.5
# Distribution: Ubuntu 14.04 LTS, package 7u79-2.5.5-0ubuntu0.14.04.2
# Problematic frame:
# C  [librawsocket.so5351972494452346057+0x1095]  Java_net_RawSocket_getProtocolByName+0x69
#
# Failed to write core dump. Core dumps have been disabled. To enable core dumping, try "ulimit -c unlimited" before starting Java again
#
# If you would like to submit a bug report, please include
# instructions on how to reproduce the bug and visit:
#   http://icedtea.classpath.org/bugzilla
# The crash happened outside the Java Virtual Machine in native code.
# See problematic frame for where to report the bug.
#

---------------  T H R E A D  ---------------

Current thread (0xb6408c00):  JavaThread "main" [_thread_in_native, id=3206, stack(0xb653f000,0xb6590000)]

siginfo:si_signo=SIGSEGV: si_errno=0, si_code=1 (SEGV_MAPERR), si_addr=0x00000008

Registers:
EAX=0x00000000, EBX=0xb2f14000, ECX=0x00000000, EDX=0xb6400018
ESP=0xb658efb0, EBP=0xb658efd8, ESI=0x6b0e1ba4, EDI=0xb6408c00
EIP=0xb2f12095, EFLAGS=0x00010282, CR2=0x00000008

Top of Stack: (sp=0xb658efb0)
0xb658efb0:   b6408d28 b658f028 678e7698 b300f077
0xb658efc0:   6b0e1ba8 6b0e1ba4 678e7698 00000000
0xb658efd0:   b300f1b5 6b0e1ba8 b658f018 b300f3a6
0xb658efe0:   b6408d28 b658f020 b658f028 b300f0a1
0xb658eff0:   b6408c00 b300f077 b658eff8 6b0e1ba4
0xb658f000:   b658f028 6b0e5080 00000000 6b0e1ba8
0xb658f010:   00000000 b658f028 b658f054 b300254f
0xb658f020:   9d9ce598 b300b1f9 9dac2cc0 9dac2cb0 

Instructions: (pc=0xb2f12095)
0xb2f12075:   00 8b 80 a8 02 00 00 8b 55 f0 89 54 24 08 8b 55
0xb2f12085:   10 89 54 24 04 8b 55 08 89 14 24 ff d0 8b 45 f4
0xb2f12095:   8b 40 08 83 c4 24 5b 5d c3 55 89 e5 83 ec 28 8b
0xb2f120a5:   45 14 88 45 f4 0f b6 45 f4 89 44 24 0c c7 44 24 

Register to memory mapping:

EAX=0x00000000 is an unknown value
EBX=0xb2f14000: <offset 0x3000> in /tmp/librawsocket.so5351972494452346057 at 0xb2f11000
ECX=0x00000000 is an unknown value
EDX=0xb6400018 is an unknown value
ESP=0xb658efb0 is pointing into the stack for thread: 0xb6408c00
EBP=0xb658efd8 is pointing into the stack for thread: 0xb6408c00
ESI=0x6b0e1ba4 is pointing into object: 0x6b0e1b78
{constMethod} 
 - klass: {other class}
 - constants:       0x6b0dfc48 constant pool [319] for 'net/RawSocket' cache=0x6b0e5080
EDI=0xb6408c00 is a thread


Stack: [0xb653f000,0xb6590000],  sp=0xb658efb0,  free space=319k
Native frames: (J=compiled Java code, j=interpreted, Vv=VM code, C=native code)
C  [librawsocket.so5351972494452346057+0x1095]  Java_net_RawSocket_getProtocolByName+0x69
j  net.RawSocket.getProtocolByName(Ljava/lang/String;)I+0
j  Main.main([Ljava/lang/String;)V+15
v  ~StubRoutines::call_stub
V  [libjvm.so+0x4b31a6]  JavaCalls::call_helper(JavaValue*, methodHandle*, JavaCallArguments*, Thread*)+0x386

Java frames: (J=compiled Java code, j=interpreted, Vv=VM code)
j  net.RawSocket.getProtocolByName(Ljava/lang/String;)I+0
j  Main.main([Ljava/lang/String;)V+15
v  ~StubRoutines::call_stub

---------------  P R O C E S S  ---------------

Java Threads: ( => current thread )
  0x678ae800 JavaThread "Service Thread" daemon [_thread_blocked, id=3227, stack(0x672ba000,0x6730b000)]
  0x678acc00 JavaThread "C2 CompilerThread1" daemon [_thread_blocked, id=3226, stack(0x6730b000,0x6738c000)]
  0x678aac00 JavaThread "C2 CompilerThread0" daemon [_thread_blocked, id=3225, stack(0x6738c000,0x6740d000)]
  0x67600800 JavaThread "JDWP Command Reader" daemon [_thread_in_native, id=3220, stack(0x6740d000,0x6745e000)]
  0x678a9000 JavaThread "JDWP Event Helper Thread" daemon [_thread_blocked, id=3219, stack(0x6745e000,0x674af000)]
  0x678a6400 JavaThread "JDWP Transport Listener: dt_socket" daemon [_thread_blocked, id=3218, stack(0x674af000,0x67500000)]
  0x6789e000 JavaThread "Signal Dispatcher" daemon [_thread_blocked, id=3217, stack(0x6770d000,0x6775e000)]
  0x6788cc00 JavaThread "Finalizer" daemon [_thread_blocked, id=3214, stack(0x6775e000,0x677af000)]
  0x6788b000 JavaThread "Reference Handler" daemon [_thread_blocked, id=3213, stack(0x677af000,0x67800000)]
=>0xb6408c00 JavaThread "main" [_thread_in_native, id=3206, stack(0xb653f000,0xb6590000)]

Other Threads:
  0x67888800 VMThread [stack: 0x6794e000,0x679cf000] [id=3212]
  0x678b8800 WatcherThread [stack: 0x67239000,0x672ba000] [id=3228]

VM state:not at safepoint (normal execution)

VM Mutex/Monitor currently owned by a thread: None

Heap
 PSYoungGen      total 19456K, used 1352K [0x9d980000, 0x9ef00000, 0xb2f00000)
  eden space 16896K, 8% used [0x9d980000,0x9dad2050,0x9ea00000)
  from space 2560K, 0% used [0x9ec80000,0x9ec80000,0x9ef00000)
  to   space 2560K, 0% used [0x9ea00000,0x9ea00000,0x9ec80000)
 ParOldGen       total 43520K, used 0K [0x72f00000, 0x75980000, 0x9d980000)
  object space 43520K, 0% used [0x72f00000,0x72f00000,0x75980000)
 PSPermGen       total 16384K, used 2240K [0x6af00000, 0x6bf00000, 0x72f00000)
  object space 16384K, 13% used [0x6af00000,0x6b1303c0,0x6bf00000)

Card table byte_map: [0x6acbf000,0x6af00000] byte_map_base: 0x6a967800

Polling page: 0xb773c000

Code Cache  [0xb2fff000, 0xb323f000, 0xb5fff000)
 total_blobs=114 nmethods=7 adapters=69 free_code_cache=48845Kb largest_free_block=49995328

Compilation events (10 events):
Event: 0,933 Thread 0x678acc00    3             java.util.Properties$LineReader::readLine (452 bytes)
Event: 0,948 Thread 0x678acc00 nmethod 3 0xb304b208 code [0xb304b360, 0xb304bb10]
Event: 0,969 Thread 0x678aac00    4             java.io.BufferedInputStream::getBufIfOpen (21 bytes)
Event: 0,970 Thread 0x678aac00 nmethod 4 0xb304c7c8 code [0xb304c8c0, 0xb304c930]
Event: 0,970 Thread 0x678aac00    5  s          java.io.BufferedInputStream::read (49 bytes)
Event: 0,972 Thread 0x678aac00 nmethod 5 0xb304c208 code [0xb304c340, 0xb304c63c]
Event: 0,972 Thread 0x678aac00    6  s          java.io.BufferedOutputStream::write (35 bytes)
Event: 0,975 Thread 0x678aac00 nmethod 6 0xb304ac48 code [0xb304ad80, 0xb304b07c]
Event: 0,975 Thread 0x678aac00    7 % !         net.RawSocket::loadLibraryFromClasspath @ 139 (246 bytes)
Event: 0,992 Thread 0x678aac00 nmethod 7% 0xb304fa88 code [0xb304fcc0, 0xb30508c0]

GC Heap History (0 events):
No events

Deoptimization events (0 events):
No events

Internal exceptions (10 events):
Event: 0,871 Thread 0xb6408c00 Threw 0x9d9bffb8 at /build/buildd/openjdk-7-7u79-2.5.5/build/openjdk/hotspot/src/share/vm/prims/jvm.cpp:1284
Event: 0,875 Thread 0xb6408c00 Threw 0x9d9c5df8 at /build/buildd/openjdk-7-7u79-2.5.5/build/openjdk/hotspot/src/share/vm/prims/jvm.cpp:1284
Event: 0,883 Thread 0xb6408c00 Threw 0x9d9ca5d8 at /build/buildd/openjdk-7-7u79-2.5.5/build/openjdk/hotspot/src/share/vm/prims/jvm.cpp:1284
Event: 0,884 Thread 0xb6408c00 Threw 0x9d9cee98 at /build/buildd/openjdk-7-7u79-2.5.5/build/openjdk/hotspot/src/share/vm/prims/jvm.cpp:1284
Event: 0,911 Thread 0xb6408c00 Threw 0x9da8f888 at /build/buildd/openjdk-7-7u79-2.5.5/build/openjdk/hotspot/src/share/vm/prims/jvm.cpp:1284
Event: 0,911 Thread 0xb6408c00 Threw 0x9da8f9a0 at /build/buildd/openjdk-7-7u79-2.5.5/build/openjdk/hotspot/src/share/vm/prims/jvm.cpp:1284
Event: 0,912 Thread 0xb6408c00 Threw 0x9da91cf8 at /build/buildd/openjdk-7-7u79-2.5.5/build/openjdk/hotspot/src/share/vm/prims/jvm.cpp:1284
Event: 0,912 Thread 0xb6408c00 Threw 0x9da91e10 at /build/buildd/openjdk-7-7u79-2.5.5/build/openjdk/hotspot/src/share/vm/prims/jvm.cpp:1284
Event: 0,912 Thread 0xb6408c00 Threw 0x9da92770 at /build/buildd/openjdk-7-7u79-2.5.5/build/openjdk/hotspot/src/share/vm/prims/jvm.cpp:1284
Event: 0,912 Thread 0xb6408c00 Threw 0x9da92888 at /build/buildd/openjdk-7-7u79-2.5.5/build/openjdk/hotspot/src/share/vm/prims/jvm.cpp:1284

Events (10 events):
Event: 13,213 Executing VM operation: GetOrSetLocal
Event: 13,213 Executing VM operation: GetOrSetLocal done
Event: 13,213 Executing VM operation: GetOrSetLocal
Event: 13,213 Executing VM operation: GetOrSetLocal done
Event: 13,437 Executing VM operation: EnterInterpOnlyMode
Event: 13,437 Executing VM operation: EnterInterpOnlyMode done
Event: 13,437 Executing VM operation: GetCurrentLocation
Event: 13,437 Executing VM operation: GetCurrentLocation done
Event: 13,437 Executing VM operation: ChangeSingleStep
Event: 13,437 Executing VM operation: ChangeSingleStep done


Dynamic libraries:
08048000-08049000 r-xp 00000000 08:06 273397     /usr/lib/jvm/java-7-openjdk-i386/jre/bin/java
08049000-0804a000 r--p 00000000 08:06 273397     /usr/lib/jvm/java-7-openjdk-i386/jre/bin/java
0804a000-0804b000 rw-p 00001000 08:06 273397     /usr/lib/jvm/java-7-openjdk-i386/jre/bin/java
085b2000-085d3000 rw-p 00000000 00:00 0          [heap]
66eef000-67100000 rw-p 00000000 00:00 0 
67100000-67121000 rw-p 00000000 00:00 0 
67121000-67129000 ---p 00000000 00:00 0 
67129000-67200000 ---p 00000000 00:00 0 
67239000-6723a000 ---p 00000000 00:00 0 
6723a000-672ba000 rw-p 00000000 00:00 0          [stack:3228]
672ba000-672bd000 ---p 00000000 00:00 0 
672bd000-6730b000 rw-p 00000000 00:00 0          [stack:3227]
6730b000-6730e000 ---p 00000000 00:00 0 
6730e000-6738c000 rw-p 00000000 00:00 0          [stack:3226]
6738c000-6738f000 ---p 00000000 00:00 0 
6738f000-6740d000 rw-p 00000000 00:00 0          [stack:3225]
6740d000-67410000 ---p 00000000 00:00 0 
67410000-6745e000 rw-p 00000000 00:00 0          [stack:3220]
6745e000-67461000 ---p 00000000 00:00 0 
67461000-674af000 rw-p 00000000 00:00 0          [stack:3219]
674af000-674b2000 ---p 00000000 00:00 0 
674b2000-67500000 rw-p 00000000 00:00 0          [stack:3218]
67500000-67521000 rw-p 00000000 00:00 0 
67521000-67600000 ---p 00000000 00:00 0 
67600000-67621000 rw-p 00000000 00:00 0 
67621000-67700000 ---p 00000000 00:00 0 
6770d000-67710000 ---p 00000000 00:00 0 
67710000-6775e000 rw-p 00000000 00:00 0          [stack:3217]
6775e000-67761000 ---p 00000000 00:00 0 
67761000-677af000 rw-p 00000000 00:00 0          [stack:3214]
677af000-677b2000 ---p 00000000 00:00 0 
677b2000-67800000 rw-p 00000000 00:00 0          [stack:3213]
67800000-67900000 rw-p 00000000 00:00 0 
6794e000-6794f000 ---p 00000000 00:00 0 
6794f000-679cf000 rw-p 00000000 00:00 0          [stack:3212]
679cf000-67b80000 r--s 01d27000 08:06 273474     /usr/lib/jvm/java-7-openjdk-i386/jre/lib/rt.jar
67b80000-6a400000 rw-p 00000000 00:00 0 
6a400000-6a421000 rw-p 00000000 00:00 0 
6a421000-6a500000 ---p 00000000 00:00 0 
6a536000-6a57f000 rw-p 00000000 00:00 0 
6a57f000-6a580000 ---p 00000000 00:00 0 
6a580000-6a600000 rw-p 00000000 00:00 0          [stack:3211]
6a600000-6a621000 rw-p 00000000 00:00 0 
6a621000-6a700000 ---p 00000000 00:00 0 
6a700000-6a78b000 rw-p 00000000 00:00 0 
6a78b000-6a792000 ---p 00000000 00:00 0 
6a792000-6a800000 ---p 00000000 00:00 0 
6a824000-6a87f000 rw-p 00000000 00:00 0 
6a87f000-6a880000 ---p 00000000 00:00 0 
6a880000-6a900000 rw-p 00000000 00:00 0          [stack:3210]
6a900000-6a944000 rw-p 00000000 00:00 0 
6a944000-6a966000 ---p 00000000 00:00 0 
6a966000-6aa00000 ---p 00000000 00:00 0 
6aa27000-6aa28000 ---p 00000000 00:00 0 
6aa28000-6aaa8000 rw-p 00000000 00:00 0          [stack:3209]
6aaa8000-6aaa9000 ---p 00000000 00:00 0 
6aaa9000-6ab31000 rw-p 00000000 00:00 0          [stack:3208]
6ab31000-6ab69000 rw-p 00000000 00:00 0 
6ab69000-6ab7f000 rw-p 00000000 00:00 0 
6ab7f000-6acbf000 rw-p 00000000 00:00 0 
6acbf000-6acc7000 rw-p 00000000 00:00 0 
6acc7000-6acff000 rw-p 00000000 00:00 0 
6acff000-6ad15000 rw-p 00000000 00:00 0 
6ad15000-6ae54000 rw-p 00000000 00:00 0 
6ae54000-6ae5f000 rw-p 00000000 00:00 0 
6ae5f000-6aeff000 rw-p 00000000 00:00 0 
6aeff000-6bf00000 rw-p 00000000 00:00 0 
6bf00000-72f00000 rw-p 00000000 00:00 0 
72f00000-75980000 rw-p 00000000 00:00 0 
75980000-9d980000 rw-p 00000000 00:00 0 
9d980000-9ef00000 rw-p 00000000 00:00 0 
9ef00000-b2f00000 rw-p 00000000 00:00 0 
b2f10000-b2f11000 rw-p 00000000 00:00 0 
b2f11000-b2f13000 r-xp 00000000 08:06 2642234    /tmp/librawsocket.so5351972494452346057
b2f13000-b2f14000 r--p 00001000 08:06 2642234    /tmp/librawsocket.so5351972494452346057
b2f14000-b2f15000 rw-p 00002000 08:06 2642234    /tmp/librawsocket.so5351972494452346057
b2f15000-b2f1a000 r--s 0004d000 08:06 273421     /usr/lib/jvm/java-7-openjdk-i386/jre/lib/jsse.jar
b2f1a000-b2f1d000 r--s 0000f000 08:06 273482     /usr/lib/jvm/java-7-openjdk-i386/jre/lib/ext/icedtea-sound.jar
b2f1d000-b2f20000 r--s 00086000 08:06 273484     /usr/lib/jvm/java-7-openjdk-i386/jre/lib/ext/localedata.jar
b2f20000-b2f24000 r--s 00034000 08:06 273485     /usr/lib/jvm/java-7-openjdk-i386/jre/lib/ext/sunjce_provider.jar
b2f24000-b2f48000 rw-p 00000000 00:00 0 
b2f48000-b2fff000 rw-p 00000000 00:00 0 
b2fff000-b323f000 rwxp 00000000 00:00 0 
b323f000-b5fff000 rw-p 00000000 00:00 0 
b5fff000-b600a000 r-xp 00000000 08:06 2902738    /lib/i386-linux-gnu/libnss_files-2.19.so
b600a000-b600b000 r--p 0000a000 08:06 2902738    /lib/i386-linux-gnu/libnss_files-2.19.so
b600b000-b600c000 rw-p 0000b000 08:06 2902738    /lib/i386-linux-gnu/libnss_files-2.19.so
b600c000-b6016000 r-xp 00000000 08:06 2902724    /lib/i386-linux-gnu/libnss_nis-2.19.so
b6016000-b6017000 r--p 00009000 08:06 2902724    /lib/i386-linux-gnu/libnss_nis-2.19.so
b6017000-b6018000 rw-p 0000a000 08:06 2902724    /lib/i386-linux-gnu/libnss_nis-2.19.so
b6018000-b602d000 r-xp 00000000 08:06 2902725    /lib/i386-linux-gnu/libnsl-2.19.so
b602d000-b602e000 r--p 00015000 08:06 2902725    /lib/i386-linux-gnu/libnsl-2.19.so
b602e000-b602f000 rw-p 00016000 08:06 2902725    /lib/i386-linux-gnu/libnsl-2.19.so
b602f000-b6031000 rw-p 00000000 00:00 0 
b6031000-b6038000 r-xp 00000000 08:06 2902730    /lib/i386-linux-gnu/libnss_compat-2.19.so
b6038000-b6039000 r--p 00006000 08:06 2902730    /lib/i386-linux-gnu/libnss_compat-2.19.so
b6039000-b603a000 rw-p 00007000 08:06 2902730    /lib/i386-linux-gnu/libnss_compat-2.19.so
b603a000-b603c000 r--s 00012000 08:06 273487     /usr/lib/jvm/java-7-openjdk-i386/jre/lib/ext/zipfs.jar
b603c000-b6040000 r--s 0003c000 08:06 273483     /usr/lib/jvm/java-7-openjdk-i386/jre/lib/ext/sunpkcs11.jar
b6040000-b6044000 r-xp 00000000 08:06 273454     /usr/lib/jvm/java-7-openjdk-i386/jre/lib/i386/libdt_socket.so
b6044000-b6045000 r--p 00003000 08:06 273454     /usr/lib/jvm/java-7-openjdk-i386/jre/lib/i386/libdt_socket.so
b6045000-b6046000 rw-p 00004000 08:06 273454     /usr/lib/jvm/java-7-openjdk-i386/jre/lib/i386/libdt_socket.so
b6046000-b604e000 r-xp 00000000 08:06 273432     /usr/lib/jvm/java-7-openjdk-i386/jre/lib/i386/libzip.so
b604e000-b604f000 r--p 00007000 08:06 273432     /usr/lib/jvm/java-7-openjdk-i386/jre/lib/i386/libzip.so
b604f000-b6050000 rw-p 00008000 08:06 273432     /usr/lib/jvm/java-7-openjdk-i386/jre/lib/i386/libzip.so
b6050000-b6181000 r--p 0059d000 08:06 269849     /usr/lib/locale/locale-archive
b6181000-b61c0000 r--p 00277000 08:06 269849     /usr/lib/locale/locale-archive
b61c0000-b63c0000 r--p 00000000 08:06 269849     /usr/lib/locale/locale-archive
b63c0000-b63fe000 r-xp 00000000 08:06 273455     /usr/lib/jvm/java-7-openjdk-i386/jre/lib/i386/libjdwp.so
b63fe000-b63ff000 r--p 0003d000 08:06 273455     /usr/lib/jvm/java-7-openjdk-i386/jre/lib/i386/libjdwp.so
b63ff000-b6400000 rw-p 0003e000 08:06 273455     /usr/lib/jvm/java-7-openjdk-i386/jre/lib/i386/libjdwp.so
b6400000-b64f9000 rw-p 00000000 00:00 0 
b64f9000-b6500000 ---p 00000000 00:00 0 
b6500000-b6508000 rw-s 00000000 08:06 2641311    /tmp/hsperfdata_ronald/3202
b6508000-b650b000 r-xp 00000000 08:06 273425     /usr/lib/jvm/java-7-openjdk-i386/jre/lib/i386/libnpt.so
b650b000-b650c000 r--p 00002000 08:06 273425     /usr/lib/jvm/java-7-openjdk-i386/jre/lib/i386/libnpt.so
b650c000-b650d000 rw-p 00003000 08:06 273425     /usr/lib/jvm/java-7-openjdk-i386/jre/lib/i386/libnpt.so
b650d000-b6534000 r-xp 00000000 08:06 273427     /usr/lib/jvm/java-7-openjdk-i386/jre/lib/i386/libjava.so
b6534000-b6535000 r--p 00026000 08:06 273427     /usr/lib/jvm/java-7-openjdk-i386/jre/lib/i386/libjava.so
b6535000-b6536000 rw-p 00027000 08:06 273427     /usr/lib/jvm/java-7-openjdk-i386/jre/lib/i386/libjava.so
b6536000-b653d000 r-xp 00000000 08:06 2902739    /lib/i386-linux-gnu/librt-2.19.so
b653d000-b653e000 r--p 00006000 08:06 2902739    /lib/i386-linux-gnu/librt-2.19.so
b653e000-b653f000 rw-p 00007000 08:06 2902739    /lib/i386-linux-gnu/librt-2.19.so
b653f000-b6542000 ---p 00000000 00:00 0 
b6542000-b6590000 rw-p 00000000 00:00 0          [stack:3206]
b6590000-b65ac000 r-xp 00000000 08:06 2883613    /lib/i386-linux-gnu/libgcc_s.so.1
b65ac000-b65ad000 rw-p 0001b000 08:06 2883613    /lib/i386-linux-gnu/libgcc_s.so.1
b65ad000-b65f1000 r-xp 00000000 08:06 2902729    /lib/i386-linux-gnu/libm-2.19.so
b65f1000-b65f2000 r--p 00043000 08:06 2902729    /lib/i386-linux-gnu/libm-2.19.so
b65f2000-b65f3000 rw-p 00044000 08:06 2902729    /lib/i386-linux-gnu/libm-2.19.so
b65f3000-b66cf000 r-xp 00000000 08:06 265981     /usr/lib/i386-linux-gnu/libstdc++.so.6.0.19
b66cf000-b66d3000 r--p 000dc000 08:06 265981     /usr/lib/i386-linux-gnu/libstdc++.so.6.0.19
b66d3000-b66d4000 rw-p 000e0000 08:06 265981     /usr/lib/i386-linux-gnu/libstdc++.so.6.0.19
b66d4000-b66db000 rw-p 00000000 00:00 0 
b66db000-b70c9000 r-xp 00000000 08:06 273442     /usr/lib/jvm/java-7-openjdk-i386/jre/lib/i386/server/libjvm.so
b70c9000-b70ca000 ---p 009ee000 08:06 273442     /usr/lib/jvm/java-7-openjdk-i386/jre/lib/i386/server/libjvm.so
b70ca000-b711c000 r--p 009ee000 08:06 273442     /usr/lib/jvm/java-7-openjdk-i386/jre/lib/i386/server/libjvm.so
b711c000-b7130000 rw-p 00a40000 08:06 273442     /usr/lib/jvm/java-7-openjdk-i386/jre/lib/i386/server/libjvm.so
b7130000-b754e000 rw-p 00000000 00:00 0 
b754e000-b7566000 r-xp 00000000 08:06 2884735    /lib/i386-linux-gnu/libz.so.1.2.8
b7566000-b7567000 r--p 00017000 08:06 2884735    /lib/i386-linux-gnu/libz.so.1.2.8
b7567000-b7568000 rw-p 00018000 08:06 2884735    /lib/i386-linux-gnu/libz.so.1.2.8
b7568000-b7580000 r-xp 00000000 08:06 2902734    /lib/i386-linux-gnu/libpthread-2.19.so
b7580000-b7581000 r--p 00018000 08:06 2902734    /lib/i386-linux-gnu/libpthread-2.19.so
b7581000-b7582000 rw-p 00019000 08:06 2902734    /lib/i386-linux-gnu/libpthread-2.19.so
b7582000-b7584000 rw-p 00000000 00:00 0 
b7584000-b7587000 r-xp 00000000 08:06 2902722    /lib/i386-linux-gnu/libdl-2.19.so
b7587000-b7588000 r--p 00002000 08:06 2902722    /lib/i386-linux-gnu/libdl-2.19.so
b7588000-b7589000 rw-p 00003000 08:06 2902722    /lib/i386-linux-gnu/libdl-2.19.so
b7589000-b7731000 r-xp 00000000 08:06 2902721    /lib/i386-linux-gnu/libc-2.19.so
b7731000-b7733000 r--p 001a8000 08:06 2902721    /lib/i386-linux-gnu/libc-2.19.so
b7733000-b7734000 rw-p 001aa000 08:06 2902721    /lib/i386-linux-gnu/libc-2.19.so
b7734000-b7737000 rw-p 00000000 00:00 0 
b7737000-b7739000 r--s 00006000 08:06 530192     /usr/share/java/java-atk-wrapper.jar
b7739000-b773a000 r--s 00002000 08:06 273486     /usr/lib/jvm/java-7-openjdk-i386/jre/lib/ext/dnsns.jar
b773a000-b773b000 r--p 00806000 08:06 269849     /usr/lib/locale/locale-archive
b773b000-b773c000 rw-p 00000000 00:00 0 
b773c000-b773d000 r--p 00000000 00:00 0 
b773d000-b774b000 r-xp 00000000 08:06 273449     /usr/lib/jvm/java-7-openjdk-i386/jre/lib/i386/libverify.so
b774b000-b774c000 r--p 0000d000 08:06 273449     /usr/lib/jvm/java-7-openjdk-i386/jre/lib/i386/libverify.so
b774c000-b774d000 rw-p 0000e000 08:06 273449     /usr/lib/jvm/java-7-openjdk-i386/jre/lib/i386/libverify.so
b774d000-b7759000 r-xp 00000000 08:06 273435     /usr/lib/jvm/java-7-openjdk-i386/jre/lib/i386/jli/libjli.so
b7759000-b775a000 r--p 0000c000 08:06 273435     /usr/lib/jvm/java-7-openjdk-i386/jre/lib/i386/jli/libjli.so
b775a000-b775b000 rw-p 0000d000 08:06 273435     /usr/lib/jvm/java-7-openjdk-i386/jre/lib/i386/jli/libjli.so
b775b000-b775e000 rw-p 00000000 00:00 0 
b775e000-b775f000 r-xp 00000000 00:00 0          [vdso]
b775f000-b777f000 r-xp 00000000 08:06 2902723    /lib/i386-linux-gnu/ld-2.19.so
b777f000-b7780000 r--p 0001f000 08:06 2902723    /lib/i386-linux-gnu/ld-2.19.so
b7780000-b7781000 rw-p 00020000 08:06 2902723    /lib/i386-linux-gnu/ld-2.19.so
bff49000-bff4a000 rwxp 00000000 00:00 0 
bff7c000-bff9d000 rw-p 00000000 00:00 0          [stack]

VM Arguments:
jvm_args: -Xdebug -Xrunjdwp:transport=dt_socket,address=localhost:46358 -Dfile.encoding=UTF-8 
java_command: Main
Launcher Type: SUN_STANDARD

Environment Variables:
PATH=/usr/local/sbin:/usr/local/bin:/usr/sbin:/usr/bin:/sbin:/bin:/usr/games:/usr/local/games
SHELL=/bin/bash
DISPLAY=:0.0

Signal Handlers:
SIGSEGV: [libjvm.so+0x80cd90], sa_mask[0]=0x7ffbfeff, sa_flags=0x10000004
SIGBUS: [libjvm.so+0x80cd90], sa_mask[0]=0x7ffbfeff, sa_flags=0x10000004
SIGFPE: [libjvm.so+0x684dd0], sa_mask[0]=0x7ffbfeff, sa_flags=0x10000004
SIGPIPE: [libjvm.so+0x684dd0], sa_mask[0]=0x7ffbfeff, sa_flags=0x10000004
SIGXFSZ: [libjvm.so+0x684dd0], sa_mask[0]=0x7ffbfeff, sa_flags=0x10000004
SIGILL: [libjvm.so+0x684dd0], sa_mask[0]=0x7ffbfeff, sa_flags=0x10000004
SIGUSR1: SIG_DFL, sa_mask[0]=0x00000000, sa_flags=0x00000000
SIGUSR2: [libjvm.so+0x684c60], sa_mask[0]=0x00000004, sa_flags=0x10000004
SIGHUP: [libjvm.so+0x684e90], sa_mask[0]=0x7ffbfeff, sa_flags=0x10000004
SIGINT: SIG_IGN, sa_mask[0]=0x00000000, sa_flags=0x00000000
SIGTERM: [libjvm.so+0x684e90], sa_mask[0]=0x7ffbfeff, sa_flags=0x10000004
SIGQUIT: [libjvm.so+0x684e90], sa_mask[0]=0x7ffbfeff, sa_flags=0x10000004
SIGTRAP: SIG_DFL, sa_mask[0]=0x00000000, sa_flags=0x00000000


---------------  S Y S T E M  ---------------

OS:Ubuntu 14.04 (trusty)
uname:Linux 3.13.0-57-generic #95-Ubuntu SMP Fri Jun 19 09:27:48 UTC 2015 i686
libc:glibc 2.19 NPTL 2.19 
rlimit: STACK 8192k, CORE 0k, NPROC 63855, NOFILE 4096, AS infinity
load average:0,17 0,15 0,14

/proc/meminfo:
MemTotal:        8192776 kB
MemFree:         6921412 kB
Buffers:          102112 kB
Cached:           539620 kB
SwapCached:            0 kB
Active:           699996 kB
Inactive:         503324 kB
Active(anon):     562656 kB
Inactive(anon):    68596 kB
Active(file):     137340 kB
Inactive(file):   434728 kB
Unevictable:          32 kB
Mlocked:              32 kB
HighTotal:       7378852 kB
HighFree:        6314380 kB
LowTotal:         813924 kB
LowFree:          607032 kB
SwapTotal:       7998460 kB
SwapFree:        7998460 kB
Dirty:               296 kB
Writeback:             0 kB
AnonPages:        561524 kB
Mapped:           119640 kB
Shmem:             69768 kB
Slab:              37896 kB
SReclaimable:      22044 kB
SUnreclaim:        15852 kB
KernelStack:        2472 kB
PageTables:         5952 kB
NFS_Unstable:          0 kB
Bounce:                0 kB
WritebackTmp:          0 kB
CommitLimit:    12094848 kB
Committed_AS:    1691544 kB
VmallocTotal:     122880 kB
VmallocUsed:       20388 kB
VmallocChunk:      98808 kB
HardwareCorrupted:     0 kB
AnonHugePages:    356352 kB
HugePages_Total:       0
HugePages_Free:        0
HugePages_Rsvd:        0
HugePages_Surp:        0
Hugepagesize:       2048 kB
DirectMap4k:       18424 kB
DirectMap2M:      894976 kB


CPU:total 4 (2 cores per cpu, 2 threads per core) family 6 model 69 stepping 1, cmov, cx8, fxsr, mmx, sse, sse2, sse3, ssse3, sse4.1, sse4.2, popcnt, avx, avx2, aes, erms, ht, tsc, tscinvbit

/proc/cpuinfo:
processor	: 0
vendor_id	: GenuineIntel
cpu family	: 6
model		: 69
model name	: Intel(R) Core(TM) i5-4310U CPU @ 2.00GHz
stepping	: 1
microcode	: 0x17
cpu MHz		: 754.000
cache size	: 3072 KB
physical id	: 0
siblings	: 4
core id		: 0
cpu cores	: 2
apicid		: 0
initial apicid	: 0
fdiv_bug	: no
f00f_bug	: no
coma_bug	: no
fpu		: yes
fpu_exception	: yes
cpuid level	: 13
wp		: yes
flags		: fpu vme de pse tsc msr pae mce cx8 apic sep mtrr pge mca cmov pat pse36 clflush dts acpi mmx fxsr sse sse2 ss ht tm pbe nx pdpe1gb rdtscp lm constant_tsc arch_perfmon pebs bts xtopology nonstop_tsc aperfmperf eagerfpu pni pclmulqdq dtes64 monitor ds_cpl vmx smx est tm2 ssse3 fma cx16 xtpr pdcm pcid sse4_1 sse4_2 x2apic movbe popcnt tsc_deadline_timer aes xsave avx f16c rdrand lahf_lm abm ida arat epb xsaveopt pln pts dtherm tpr_shadow vnmi flexpriority ept vpid fsgsbase tsc_adjust bmi1 hle avx2 smep bmi2 erms invpcid rtm
bogomips	: 5188.16
clflush size	: 64
cache_alignment	: 64
address sizes	: 39 bits physical, 48 bits virtual
power management:

processor	: 1
vendor_id	: GenuineIntel
cpu family	: 6
model		: 69
model name	: Intel(R) Core(TM) i5-4310U CPU @ 2.00GHz
stepping	: 1
microcode	: 0x17
cpu MHz		: 754.000
cache size	: 3072 KB
physical id	: 0
siblings	: 4
core id		: 1
cpu cores	: 2
apicid		: 2
initial apicid	: 2
fdiv_bug	: no
f00f_bug	: no
coma_bug	: no
fpu		: yes
fpu_exception	: yes
cpuid level	: 13
wp		: yes
flags		: fpu vme de pse tsc msr pae mce cx8 apic sep mtrr pge mca cmov pat pse36 clflush dts acpi mmx fxsr sse sse2 ss ht tm pbe nx pdpe1gb rdtscp lm constant_tsc arch_perfmon pebs bts xtopology nonstop_tsc aperfmperf eagerfpu pni pclmulqdq dtes64 monitor ds_cpl vmx smx est tm2 ssse3 fma cx16 xtpr pdcm pcid sse4_1 sse4_2 x2apic movbe popcnt tsc_deadline_timer aes xsave avx f16c rdrand lahf_lm abm ida arat epb xsaveopt pln pts dtherm tpr_shadow vnmi flexpriority ept vpid fsgsbase tsc_adjust bmi1 hle avx2 smep bmi2 erms invpcid rtm
bogomips	: 5188.16
clflush size	: 64
cache_alignment	: 64
address sizes	: 39 bits physical, 48 bits virtual
power management:

processor	: 2
vendor_id	: GenuineIntel
cpu family	: 6
model		: 69
model name	: Intel(R) Core(TM) i5-4310U CPU @ 2.00GHz
stepping	: 1
microcode	: 0x17
cpu MHz		: 754.000
cache size	: 3072 KB
physical id	: 0
siblings	: 4
core id		: 0
cpu cores	: 2
apicid		: 1
initial apicid	: 1
fdiv_bug	: no
f00f_bug	: no
coma_bug	: no
fpu		: yes
fpu_exception	: yes
cpuid level	: 13
wp		: yes
flags		: fpu vme de pse tsc msr pae mce cx8 apic sep mtrr pge mca cmov pat pse36 clflush dts acpi mmx fxsr sse sse2 ss ht tm pbe nx pdpe1gb rdtscp lm constant_tsc arch_perfmon pebs bts xtopology nonstop_tsc aperfmperf eagerfpu pni pclmulqdq dtes64 monitor ds_cpl vmx smx est tm2 ssse3 fma cx16 xtpr pdcm pcid sse4_1 sse4_2 x2apic movbe popcnt tsc_deadline_timer aes xsave avx f16c rdrand lahf_lm abm ida arat epb xsaveopt pln pts dtherm tpr_shadow vnmi flexpriority ept vpid fsgsbase tsc_adjust bmi1 hle avx2 smep bmi2 erms invpcid rtm
bogomips	: 5188.16
clflush size	: 64
cache_alignment	: 64
address sizes	: 39 bits physical, 48 bits virtual
power management:

processor	: 3
vendor_id	: GenuineIntel
cpu family	: 6
model		: 69
model name	: Intel(R) Core(TM) i5-4310U CPU @ 2.00GHz
stepping	: 1
microcode	: 0x17
cpu MHz		: 2500.000
cache size	: 3072 KB
physical id	: 0
siblings	: 4
core id		: 1
cpu cores	: 2
apicid		: 3
initial apicid	: 3
fdiv_bug	: no
f00f_bug	: no
coma_bug	: no
fpu		: yes
fpu_exception	: yes
cpuid level	: 13
wp		: yes
flags		: fpu vme de pse tsc msr pae mce cx8 apic sep mtrr pge mca cmov pat pse36 clflush dts acpi mmx fxsr sse sse2 ss ht tm pbe nx pdpe1gb rdtscp lm constant_tsc arch_perfmon pebs bts xtopology nonstop_tsc aperfmperf eagerfpu pni pclmulqdq dtes64 monitor ds_cpl vmx smx est tm2 ssse3 fma cx16 xtpr pdcm pcid sse4_1 sse4_2 x2apic movbe popcnt tsc_deadline_timer aes xsave avx f16c rdrand lahf_lm abm ida arat epb xsaveopt pln pts dtherm tpr_shadow vnmi flexpriority ept vpid fsgsbase tsc_adjust bmi1 hle avx2 smep bmi2 erms invpcid rtm
bogomips	: 5188.16
clflush size	: 64
cache_alignment	: 64
address sizes	: 39 bits physical, 48 bits virtual
power management:



Memory: 4k page, physical 8192776k(6921412k free), swap 7998460k(7998460k free)

vm_info: OpenJDK Server VM (24.79-b02) for linux-x86 JRE (1.7.0_79-b14), built on Apr 16 2015 08:24:42 by "buildd" with gcc 4.8.2

time: Tue Jul 14 17:16:19 2015
elapsed time: 13 seconds

