#
# A fatal error has been detected by the Java Runtime Environment:
#
#  SIGSEGV (0xb) at pc=0x6aa01095, pid=3711, tid=3058830144
#
# JRE version: OpenJDK Runtime Environment (7.0_79-b14) (build 1.7.0_79-b14)
# Java VM: OpenJDK Server VM (24.79-b02 mixed mode linux-x86 )
# Derivative: IcedTea 2.5.5
# Distribution: Ubuntu 14.04 LTS, package 7u79-2.5.5-0ubuntu0.14.04.2
# Problematic frame:
# C  [librawsocket.so8220561629946318362+0x1095]  Java_net_RawSocket_getProtocolByName+0x69
#
# Failed to write core dump. Core dumps have been disabled. To enable core dumping, try "ulimit -c unlimited" before starting Java again
#
# If you would like to submit a bug report, please include
# instructions on how to reproduce the bug and visit:
#   http://icedtea.classpath.org/bugzilla
# The crash happened outside the Java Virtual Machine in native code.
# See problematic frame for where to report the bug.
#

---------------  T H R E A D  ---------------

Current thread (0xb6308c00):  JavaThread "main" [_thread_in_native, id=3715, stack(0xb64d0000,0xb6521000)]

siginfo:si_signo=SIGSEGV: si_errno=0, si_code=1 (SEGV_MAPERR), si_addr=0x00000008

Registers:
EAX=0x00000000, EBX=0x6aa03000, ECX=0x00000000, EDX=0xb6300018
ESP=0xb651ffb0, EBP=0xb651ffd8, ESI=0x6b0a1ba4, EDI=0xb6308c00
EIP=0x6aa01095, EFLAGS=0x00010282, CR2=0x00000008

Top of Stack: (sp=0xb651ffb0)
0xb651ffb0:   b6308d28 b6520028 67021e10 b2fa4077
0xb651ffc0:   6b0a1ba8 6b0a1ba4 67021e10 00000000
0xb651ffd0:   b2fa41b5 6b0a1ba8 b6520018 b2fa43a6
0xb651ffe0:   b6308d28 b6520020 b6520028 b2fa40a1
0xb651fff0:   b6308c00 b2fa4077 b651fff8 6b0a1ba4
0xb6520000:   b6520028 6b0a5080 00000000 6b0a1ba8
0xb6520010:   00000000 b6520028 b6520054 b2f9754f
0xb6520020:   9d98e4f0 b2fa01f9 9da82bc8 9da82bb8 

Instructions: (pc=0x6aa01095)
0x6aa01075:   00 8b 80 a8 02 00 00 8b 55 f0 89 54 24 08 8b 55
0x6aa01085:   10 89 54 24 04 8b 55 08 89 14 24 ff d0 8b 45 f4
0x6aa01095:   8b 40 08 83 c4 24 5b 5d c3 55 89 e5 83 ec 28 8b
0x6aa010a5:   45 14 88 45 f4 0f b6 45 f4 89 44 24 0c c7 44 24 

Register to memory mapping:

EAX=0x00000000 is an unknown value
EBX=0x6aa03000: <offset 0x3000> in /tmp/librawsocket.so8220561629946318362 at 0x6aa00000
ECX=0x00000000 is an unknown value
EDX=0xb6300018 is an unknown value
ESP=0xb651ffb0 is pointing into the stack for thread: 0xb6308c00
EBP=0xb651ffd8 is pointing into the stack for thread: 0xb6308c00
ESI=0x6b0a1ba4 is pointing into object: 0x6b0a1b78
{constMethod} 
 - klass: {other class}
 - constants:       0x6b09fc48 constant pool [319] for 'net/RawSocket' cache=0x6b0a5080
EDI=0xb6308c00 is a thread


Stack: [0xb64d0000,0xb6521000],  sp=0xb651ffb0,  free space=319k
Native frames: (J=compiled Java code, j=interpreted, Vv=VM code, C=native code)
C  [librawsocket.so8220561629946318362+0x1095]  Java_net_RawSocket_getProtocolByName+0x69
j  net.RawSocket.getProtocolByName(Ljava/lang/String;)I+0
j  Main.main([Ljava/lang/String;)V+15
v  ~StubRoutines::call_stub
V  [libjvm.so+0x4b31a6]  JavaCalls::call_helper(JavaValue*, methodHandle*, JavaCallArguments*, Thread*)+0x386

Java frames: (J=compiled Java code, j=interpreted, Vv=VM code)
j  net.RawSocket.getProtocolByName(Ljava/lang/String;)I+0
j  Main.main([Ljava/lang/String;)V+15
v  ~StubRoutines::call_stub

---------------  P R O C E S S  ---------------

Java Threads: ( => current thread )
  0x677ae800 JavaThread "Service Thread" daemon [_thread_blocked, id=3732, stack(0x67269000,0x672ba000)]
  0x677acc00 JavaThread "C2 CompilerThread1" daemon [_thread_blocked, id=3731, stack(0x672ba000,0x6733b000)]
  0x677aa800 JavaThread "C2 CompilerThread0" daemon [_thread_blocked, id=3730, stack(0x6733b000,0x673bc000)]
  0x67500800 JavaThread "JDWP Command Reader" daemon [_thread_in_native, id=3728, stack(0x673bc000,0x6740d000)]
  0x677a9000 JavaThread "JDWP Event Helper Thread" daemon [_thread_blocked, id=3726, stack(0x6740d000,0x6745e000)]
  0x677a6400 JavaThread "JDWP Transport Listener: dt_socket" daemon [_thread_blocked, id=3724, stack(0x6745e000,0x674af000)]
  0x6779e000 JavaThread "Signal Dispatcher" daemon [_thread_blocked, id=3723, stack(0x674af000,0x67500000)]
  0x6778cc00 JavaThread "Finalizer" daemon [_thread_blocked, id=3722, stack(0x6a42e000,0x6a47f000)]
  0x6778b000 JavaThread "Reference Handler" daemon [_thread_blocked, id=3721, stack(0x6a62e000,0x6a67f000)]
=>0xb6308c00 JavaThread "main" [_thread_in_native, id=3715, stack(0xb64d0000,0xb6521000)]

Other Threads:
  0x67788800 VMThread [stack: 0x6784e000,0x678cf000] [id=3720]
  0x677b8800 WatcherThread [stack: 0x671e8000,0x67269000] [id=3733]

VM state:not at safepoint (normal execution)

VM Mutex/Monitor currently owned by a thread: None

Heap
 PSYoungGen      total 19456K, used 1351K [0x9d940000, 0x9eec0000, 0xb2ec0000)
  eden space 16896K, 8% used [0x9d940000,0x9da91fe0,0x9e9c0000)
  from space 2560K, 0% used [0x9ec40000,0x9ec40000,0x9eec0000)
  to   space 2560K, 0% used [0x9e9c0000,0x9e9c0000,0x9ec40000)
 ParOldGen       total 43520K, used 0K [0x72ec0000, 0x75940000, 0x9d940000)
  object space 43520K, 0% used [0x72ec0000,0x72ec0000,0x75940000)
 PSPermGen       total 16384K, used 2240K [0x6aec0000, 0x6bec0000, 0x72ec0000)
  object space 16384K, 13% used [0x6aec0000,0x6b0f03c0,0x6bec0000)

Card table byte_map: [0x6ac7f000,0x6aec0000] byte_map_base: 0x6a927a00

Polling page: 0xb76cd000

Code Cache  [0xb2f94000, 0xb31d4000, 0xb5f94000)
 total_blobs=114 nmethods=7 adapters=69 free_code_cache=48845Kb largest_free_block=49995328

Compilation events (10 events):
Event: 0,134 Thread 0x677acc00 nmethod 2 0xb2fdd288 code [0xb2fdd380, 0xb2fdd510]
Event: 0,141 Thread 0x677aa800 nmethod 3 0xb2fe0248 code [0xb2fe03a0, 0xb2fe0b44]
Event: 0,151 Thread 0x677acc00    4             java.io.BufferedInputStream::getBufIfOpen (21 bytes)
Event: 0,151 Thread 0x677aa800    5  s          java.io.BufferedInputStream::read (49 bytes)
Event: 0,151 Thread 0x677acc00 nmethod 4 0xb2fe17c8 code [0xb2fe18c0, 0xb2fe1930]
Event: 0,151 Thread 0x677acc00    6  s          java.io.BufferedOutputStream::write (35 bytes)
Event: 0,153 Thread 0x677aa800 nmethod 5 0xb2fe1208 code [0xb2fe1340, 0xb2fe163c]
Event: 0,153 Thread 0x677aa800    7 % !         net.RawSocket::loadLibraryFromClasspath @ 139 (246 bytes)
Event: 0,154 Thread 0x677acc00 nmethod 6 0xb2fdfc88 code [0xb2fdfdc0, 0xb2fe00bc]
Event: 0,164 Thread 0x677aa800 nmethod 7% 0xb2fe4a88 code [0xb2fe4cc0, 0xb2fe58c0]

GC Heap History (0 events):
No events

Deoptimization events (0 events):
No events

Internal exceptions (10 events):
Event: 0,106 Thread 0xb6308c00 Threw 0x9d97ff10 at /build/buildd/openjdk-7-7u79-2.5.5/build/openjdk/hotspot/src/share/vm/prims/jvm.cpp:1284
Event: 0,109 Thread 0xb6308c00 Threw 0x9d985d50 at /build/buildd/openjdk-7-7u79-2.5.5/build/openjdk/hotspot/src/share/vm/prims/jvm.cpp:1284
Event: 0,113 Thread 0xb6308c00 Threw 0x9d98a530 at /build/buildd/openjdk-7-7u79-2.5.5/build/openjdk/hotspot/src/share/vm/prims/jvm.cpp:1284
Event: 0,114 Thread 0xb6308c00 Threw 0x9d98edf0 at /build/buildd/openjdk-7-7u79-2.5.5/build/openjdk/hotspot/src/share/vm/prims/jvm.cpp:1284
Event: 0,123 Thread 0xb6308c00 Threw 0x9da4f790 at /build/buildd/openjdk-7-7u79-2.5.5/build/openjdk/hotspot/src/share/vm/prims/jvm.cpp:1284
Event: 0,123 Thread 0xb6308c00 Threw 0x9da4f8a8 at /build/buildd/openjdk-7-7u79-2.5.5/build/openjdk/hotspot/src/share/vm/prims/jvm.cpp:1284
Event: 0,123 Thread 0xb6308c00 Threw 0x9da51c00 at /build/buildd/openjdk-7-7u79-2.5.5/build/openjdk/hotspot/src/share/vm/prims/jvm.cpp:1284
Event: 0,124 Thread 0xb6308c00 Threw 0x9da51d18 at /build/buildd/openjdk-7-7u79-2.5.5/build/openjdk/hotspot/src/share/vm/prims/jvm.cpp:1284
Event: 0,124 Thread 0xb6308c00 Threw 0x9da52678 at /build/buildd/openjdk-7-7u79-2.5.5/build/openjdk/hotspot/src/share/vm/prims/jvm.cpp:1284
Event: 0,124 Thread 0xb6308c00 Threw 0x9da52790 at /build/buildd/openjdk-7-7u79-2.5.5/build/openjdk/hotspot/src/share/vm/prims/jvm.cpp:1284

Events (10 events):
Event: 3,200 Executing VM operation: GetCurrentLocation
Event: 3,200 Executing VM operation: GetCurrentLocation done
Event: 3,200 Executing VM operation: ChangeSingleStep
Event: 3,200 Executing VM operation: ChangeSingleStep done
Event: 3,202 Executing VM operation: ChangeSingleStep
Event: 3,202 Executing VM operation: ChangeSingleStep done
Event: 3,202 Executing VM operation: GetCurrentLocation
Event: 3,202 Executing VM operation: GetCurrentLocation done
Event: 3,202 Executing VM operation: ChangeSingleStep
Event: 3,202 Executing VM operation: ChangeSingleStep done


Dynamic libraries:
08048000-08049000 r-xp 00000000 08:06 273397     /usr/lib/jvm/java-7-openjdk-i386/jre/bin/java
08049000-0804a000 r--p 00000000 08:06 273397     /usr/lib/jvm/java-7-openjdk-i386/jre/bin/java
0804a000-0804b000 rw-p 00001000 08:06 273397     /usr/lib/jvm/java-7-openjdk-i386/jre/bin/java
09301000-09322000 rw-p 00000000 00:00 0          [heap]
66e98000-67000000 rw-p 00000000 00:00 0 
67000000-67021000 rw-p 00000000 00:00 0 
67021000-67029000 rw-p 00000000 00:00 0 
67029000-6702d000 rw-p 00000000 00:00 0 
6702d000-67100000 ---p 00000000 00:00 0 
6713f000-671e8000 rw-p 00000000 00:00 0 
671e8000-671e9000 ---p 00000000 00:00 0 
671e9000-67269000 rw-p 00000000 00:00 0          [stack:3733]
67269000-6726c000 ---p 00000000 00:00 0 
6726c000-672ba000 rw-p 00000000 00:00 0          [stack:3732]
672ba000-672bd000 ---p 00000000 00:00 0 
672bd000-6733b000 rw-p 00000000 00:00 0          [stack:3731]
6733b000-6733e000 ---p 00000000 00:00 0 
6733e000-673bc000 rw-p 00000000 00:00 0          [stack:3730]
673bc000-673bf000 ---p 00000000 00:00 0 
673bf000-6740d000 rw-p 00000000 00:00 0          [stack:3728]
6740d000-67410000 ---p 00000000 00:00 0 
67410000-6745e000 rw-p 00000000 00:00 0          [stack:3726]
6745e000-67461000 ---p 00000000 00:00 0 
67461000-674af000 rw-p 00000000 00:00 0          [stack:3724]
674af000-674b2000 ---p 00000000 00:00 0 
674b2000-67500000 rw-p 00000000 00:00 0          [stack:3723]
67500000-67521000 rw-p 00000000 00:00 0 
67521000-67600000 ---p 00000000 00:00 0 
67600000-67621000 rw-p 00000000 00:00 0 
67621000-67700000 ---p 00000000 00:00 0 
67700000-67800000 rw-p 00000000 00:00 0 
6784e000-6784f000 ---p 00000000 00:00 0 
6784f000-678cf000 rw-p 00000000 00:00 0          [stack:3720]
678cf000-67a80000 r--s 01d27000 08:06 273474     /usr/lib/jvm/java-7-openjdk-i386/jre/lib/rt.jar
67a80000-6a300000 rw-p 00000000 00:00 0 
6a300000-6a321000 rw-p 00000000 00:00 0 
6a321000-6a400000 ---p 00000000 00:00 0 
6a42e000-6a431000 ---p 00000000 00:00 0 
6a431000-6a47f000 rw-p 00000000 00:00 0          [stack:3722]
6a47f000-6a480000 ---p 00000000 00:00 0 
6a480000-6a500000 rw-p 00000000 00:00 0          [stack:3719]
6a500000-6a521000 rw-p 00000000 00:00 0 
6a521000-6a600000 ---p 00000000 00:00 0 
6a62e000-6a631000 ---p 00000000 00:00 0 
6a631000-6a67f000 rw-p 00000000 00:00 0          [stack:3721]
6a67f000-6a680000 ---p 00000000 00:00 0 
6a680000-6a700000 rw-p 00000000 00:00 0          [stack:3718]
6a700000-6a794000 rw-p 00000000 00:00 0 
6a794000-6a800000 ---p 00000000 00:00 0 
6a824000-6a87f000 rw-p 00000000 00:00 0 
6a87f000-6a880000 ---p 00000000 00:00 0 
6a880000-6a900000 rw-p 00000000 00:00 0          [stack:3717]
6a900000-6a934000 rw-p 00000000 00:00 0 
6a934000-6aa00000 ---p 00000000 00:00 0 
6aa00000-6aa02000 r-xp 00000000 08:06 2642235    /tmp/librawsocket.so8220561629946318362
6aa02000-6aa03000 r--p 00001000 08:06 2642235    /tmp/librawsocket.so8220561629946318362
6aa03000-6aa04000 rw-p 00002000 08:06 2642235    /tmp/librawsocket.so8220561629946318362
6aa04000-6aa68000 rw-p 00000000 00:00 0 
6aa68000-6aa69000 ---p 00000000 00:00 0 
6aa69000-6aaf1000 rw-p 00000000 00:00 0          [stack:3716]
6aaf1000-6ab29000 rw-p 00000000 00:00 0 
6ab29000-6ab3f000 rw-p 00000000 00:00 0 
6ab3f000-6ac7f000 rw-p 00000000 00:00 0 
6ac7f000-6ac87000 rw-p 00000000 00:00 0 
6ac87000-6acbf000 rw-p 00000000 00:00 0 
6acbf000-6acd5000 rw-p 00000000 00:00 0 
6acd5000-6ae14000 rw-p 00000000 00:00 0 
6ae14000-6ae1f000 rw-p 00000000 00:00 0 
6ae1f000-6aebf000 rw-p 00000000 00:00 0 
6aebf000-6bec0000 rw-p 00000000 00:00 0 
6bec0000-72ec0000 rw-p 00000000 00:00 0 
72ec0000-75940000 rw-p 00000000 00:00 0 
75940000-9d940000 rw-p 00000000 00:00 0 
9d940000-9eec0000 rw-p 00000000 00:00 0 
9eec0000-b2ec0000 rw-p 00000000 00:00 0 
b2ec0000-b2ec1000 rw-p 00000000 00:00 0 
b2ec1000-b2ec6000 r--s 0004d000 08:06 273421     /usr/lib/jvm/java-7-openjdk-i386/jre/lib/jsse.jar
b2ec6000-b2ec9000 r--s 0000f000 08:06 273482     /usr/lib/jvm/java-7-openjdk-i386/jre/lib/ext/icedtea-sound.jar
b2ec9000-b2ecc000 r--s 00086000 08:06 273484     /usr/lib/jvm/java-7-openjdk-i386/jre/lib/ext/localedata.jar
b2ecc000-b2ed0000 r--s 00034000 08:06 273485     /usr/lib/jvm/java-7-openjdk-i386/jre/lib/ext/sunjce_provider.jar
b2ed0000-b2ed4000 r--s 0003c000 08:06 273483     /usr/lib/jvm/java-7-openjdk-i386/jre/lib/ext/sunpkcs11.jar
b2ed4000-b2edd000 rw-p 00000000 00:00 0 
b2edd000-b2f94000 rw-p 00000000 00:00 0 
b2f94000-b31d4000 rwxp 00000000 00:00 0 
b31d4000-b5f94000 rw-p 00000000 00:00 0 
b5f94000-b5f9f000 r-xp 00000000 08:06 2902738    /lib/i386-linux-gnu/libnss_files-2.19.so
b5f9f000-b5fa0000 r--p 0000a000 08:06 2902738    /lib/i386-linux-gnu/libnss_files-2.19.so
b5fa0000-b5fa1000 rw-p 0000b000 08:06 2902738    /lib/i386-linux-gnu/libnss_files-2.19.so
b5fa1000-b5fab000 r-xp 00000000 08:06 2902724    /lib/i386-linux-gnu/libnss_nis-2.19.so
b5fab000-b5fac000 r--p 00009000 08:06 2902724    /lib/i386-linux-gnu/libnss_nis-2.19.so
b5fac000-b5fad000 rw-p 0000a000 08:06 2902724    /lib/i386-linux-gnu/libnss_nis-2.19.so
b5fad000-b5fc2000 r-xp 00000000 08:06 2902725    /lib/i386-linux-gnu/libnsl-2.19.so
b5fc2000-b5fc3000 r--p 00015000 08:06 2902725    /lib/i386-linux-gnu/libnsl-2.19.so
b5fc3000-b5fc4000 rw-p 00016000 08:06 2902725    /lib/i386-linux-gnu/libnsl-2.19.so
b5fc4000-b5fc6000 rw-p 00000000 00:00 0 
b5fc6000-b5fcd000 r-xp 00000000 08:06 2902730    /lib/i386-linux-gnu/libnss_compat-2.19.so
b5fcd000-b5fce000 r--p 00006000 08:06 2902730    /lib/i386-linux-gnu/libnss_compat-2.19.so
b5fce000-b5fcf000 rw-p 00007000 08:06 2902730    /lib/i386-linux-gnu/libnss_compat-2.19.so
b5fcf000-b6100000 r--p 0059d000 08:06 269849     /usr/lib/locale/locale-archive
b6100000-b6300000 r--p 00000000 08:06 269849     /usr/lib/locale/locale-archive
b6300000-b63f9000 rw-p 00000000 00:00 0 
b63f9000-b6400000 ---p 00000000 00:00 0 
b6400000-b6402000 r--s 00012000 08:06 273487     /usr/lib/jvm/java-7-openjdk-i386/jre/lib/ext/zipfs.jar
b6402000-b6406000 r-xp 00000000 08:06 273454     /usr/lib/jvm/java-7-openjdk-i386/jre/lib/i386/libdt_socket.so
b6406000-b6407000 r--p 00003000 08:06 273454     /usr/lib/jvm/java-7-openjdk-i386/jre/lib/i386/libdt_socket.so
b6407000-b6408000 rw-p 00004000 08:06 273454     /usr/lib/jvm/java-7-openjdk-i386/jre/lib/i386/libdt_socket.so
b6408000-b6410000 r-xp 00000000 08:06 273432     /usr/lib/jvm/java-7-openjdk-i386/jre/lib/i386/libzip.so
b6410000-b6411000 r--p 00007000 08:06 273432     /usr/lib/jvm/java-7-openjdk-i386/jre/lib/i386/libzip.so
b6411000-b6412000 rw-p 00008000 08:06 273432     /usr/lib/jvm/java-7-openjdk-i386/jre/lib/i386/libzip.so
b6412000-b641a000 rw-s 00000000 08:06 2641311    /tmp/hsperfdata_ronald/3711
b641a000-b6459000 r--p 00277000 08:06 269849     /usr/lib/locale/locale-archive
b6459000-b645c000 r-xp 00000000 08:06 273425     /usr/lib/jvm/java-7-openjdk-i386/jre/lib/i386/libnpt.so
b645c000-b645d000 r--p 00002000 08:06 273425     /usr/lib/jvm/java-7-openjdk-i386/jre/lib/i386/libnpt.so
b645d000-b645e000 rw-p 00003000 08:06 273425     /usr/lib/jvm/java-7-openjdk-i386/jre/lib/i386/libnpt.so
b645e000-b649c000 r-xp 00000000 08:06 273455     /usr/lib/jvm/java-7-openjdk-i386/jre/lib/i386/libjdwp.so
b649c000-b649d000 r--p 0003d000 08:06 273455     /usr/lib/jvm/java-7-openjdk-i386/jre/lib/i386/libjdwp.so
b649d000-b649e000 rw-p 0003e000 08:06 273455     /usr/lib/jvm/java-7-openjdk-i386/jre/lib/i386/libjdwp.so
b649e000-b64c5000 r-xp 00000000 08:06 273427     /usr/lib/jvm/java-7-openjdk-i386/jre/lib/i386/libjava.so
b64c5000-b64c6000 r--p 00026000 08:06 273427     /usr/lib/jvm/java-7-openjdk-i386/jre/lib/i386/libjava.so
b64c6000-b64c7000 rw-p 00027000 08:06 273427     /usr/lib/jvm/java-7-openjdk-i386/jre/lib/i386/libjava.so
b64c7000-b64ce000 r-xp 00000000 08:06 2902739    /lib/i386-linux-gnu/librt-2.19.so
b64ce000-b64cf000 r--p 00006000 08:06 2902739    /lib/i386-linux-gnu/librt-2.19.so
b64cf000-b64d0000 rw-p 00007000 08:06 2902739    /lib/i386-linux-gnu/librt-2.19.so
b64d0000-b64d3000 ---p 00000000 00:00 0 
b64d3000-b6521000 rw-p 00000000 00:00 0          [stack:3715]
b6521000-b653d000 r-xp 00000000 08:06 2883613    /lib/i386-linux-gnu/libgcc_s.so.1
b653d000-b653e000 rw-p 0001b000 08:06 2883613    /lib/i386-linux-gnu/libgcc_s.so.1
b653e000-b6582000 r-xp 00000000 08:06 2902729    /lib/i386-linux-gnu/libm-2.19.so
b6582000-b6583000 r--p 00043000 08:06 2902729    /lib/i386-linux-gnu/libm-2.19.so
b6583000-b6584000 rw-p 00044000 08:06 2902729    /lib/i386-linux-gnu/libm-2.19.so
b6584000-b6660000 r-xp 00000000 08:06 265981     /usr/lib/i386-linux-gnu/libstdc++.so.6.0.19
b6660000-b6664000 r--p 000dc000 08:06 265981     /usr/lib/i386-linux-gnu/libstdc++.so.6.0.19
b6664000-b6665000 rw-p 000e0000 08:06 265981     /usr/lib/i386-linux-gnu/libstdc++.so.6.0.19
b6665000-b666c000 rw-p 00000000 00:00 0 
b666c000-b705a000 r-xp 00000000 08:06 273442     /usr/lib/jvm/java-7-openjdk-i386/jre/lib/i386/server/libjvm.so
b705a000-b705b000 ---p 009ee000 08:06 273442     /usr/lib/jvm/java-7-openjdk-i386/jre/lib/i386/server/libjvm.so
b705b000-b70ad000 r--p 009ee000 08:06 273442     /usr/lib/jvm/java-7-openjdk-i386/jre/lib/i386/server/libjvm.so
b70ad000-b70c1000 rw-p 00a40000 08:06 273442     /usr/lib/jvm/java-7-openjdk-i386/jre/lib/i386/server/libjvm.so
b70c1000-b74df000 rw-p 00000000 00:00 0 
b74df000-b74f7000 r-xp 00000000 08:06 2884735    /lib/i386-linux-gnu/libz.so.1.2.8
b74f7000-b74f8000 r--p 00017000 08:06 2884735    /lib/i386-linux-gnu/libz.so.1.2.8
b74f8000-b74f9000 rw-p 00018000 08:06 2884735    /lib/i386-linux-gnu/libz.so.1.2.8
b74f9000-b7511000 r-xp 00000000 08:06 2902734    /lib/i386-linux-gnu/libpthread-2.19.so
b7511000-b7512000 r--p 00018000 08:06 2902734    /lib/i386-linux-gnu/libpthread-2.19.so
b7512000-b7513000 rw-p 00019000 08:06 2902734    /lib/i386-linux-gnu/libpthread-2.19.so
b7513000-b7515000 rw-p 00000000 00:00 0 
b7515000-b7518000 r-xp 00000000 08:06 2902722    /lib/i386-linux-gnu/libdl-2.19.so
b7518000-b7519000 r--p 00002000 08:06 2902722    /lib/i386-linux-gnu/libdl-2.19.so
b7519000-b751a000 rw-p 00003000 08:06 2902722    /lib/i386-linux-gnu/libdl-2.19.so
b751a000-b76c2000 r-xp 00000000 08:06 2902721    /lib/i386-linux-gnu/libc-2.19.so
b76c2000-b76c4000 r--p 001a8000 08:06 2902721    /lib/i386-linux-gnu/libc-2.19.so
b76c4000-b76c5000 rw-p 001aa000 08:06 2902721    /lib/i386-linux-gnu/libc-2.19.so
b76c5000-b76c8000 rw-p 00000000 00:00 0 
b76c8000-b76ca000 r--s 00006000 08:06 530192     /usr/share/java/java-atk-wrapper.jar
b76ca000-b76cb000 r--s 00002000 08:06 273486     /usr/lib/jvm/java-7-openjdk-i386/jre/lib/ext/dnsns.jar
b76cb000-b76cc000 r--p 00806000 08:06 269849     /usr/lib/locale/locale-archive
b76cc000-b76cd000 rw-p 00000000 00:00 0 
b76cd000-b76ce000 r--p 00000000 00:00 0 
b76ce000-b76dc000 r-xp 00000000 08:06 273449     /usr/lib/jvm/java-7-openjdk-i386/jre/lib/i386/libverify.so
b76dc000-b76dd000 r--p 0000d000 08:06 273449     /usr/lib/jvm/java-7-openjdk-i386/jre/lib/i386/libverify.so
b76dd000-b76de000 rw-p 0000e000 08:06 273449     /usr/lib/jvm/java-7-openjdk-i386/jre/lib/i386/libverify.so
b76de000-b76ea000 r-xp 00000000 08:06 273435     /usr/lib/jvm/java-7-openjdk-i386/jre/lib/i386/jli/libjli.so
b76ea000-b76eb000 r--p 0000c000 08:06 273435     /usr/lib/jvm/java-7-openjdk-i386/jre/lib/i386/jli/libjli.so
b76eb000-b76ec000 rw-p 0000d000 08:06 273435     /usr/lib/jvm/java-7-openjdk-i386/jre/lib/i386/jli/libjli.so
b76ec000-b76ef000 rw-p 00000000 00:00 0 
b76ef000-b76f0000 r-xp 00000000 00:00 0          [vdso]
b76f0000-b7710000 r-xp 00000000 08:06 2902723    /lib/i386-linux-gnu/ld-2.19.so
b7710000-b7711000 r--p 0001f000 08:06 2902723    /lib/i386-linux-gnu/ld-2.19.so
b7711000-b7712000 rw-p 00020000 08:06 2902723    /lib/i386-linux-gnu/ld-2.19.so
bf7b8000-bf7b9000 rwxp 00000000 00:00 0 
bf7eb000-bf80c000 rw-p 00000000 00:00 0          [stack]

VM Arguments:
jvm_args: -Xdebug -Xrunjdwp:transport=dt_socket,address=localhost:48142 -Dfile.encoding=UTF-8 
java_command: Main
Launcher Type: SUN_STANDARD

Environment Variables:
PATH=/usr/local/sbin:/usr/local/bin:/usr/sbin:/usr/bin:/sbin:/bin:/usr/games:/usr/local/games
SHELL=/bin/bash
DISPLAY=:0.0

Signal Handlers:
SIGSEGV: [libjvm.so+0x80cd90], sa_mask[0]=0x7ffbfeff, sa_flags=0x10000004
SIGBUS: [libjvm.so+0x80cd90], sa_mask[0]=0x7ffbfeff, sa_flags=0x10000004
SIGFPE: [libjvm.so+0x684dd0], sa_mask[0]=0x7ffbfeff, sa_flags=0x10000004
SIGPIPE: [libjvm.so+0x684dd0], sa_mask[0]=0x7ffbfeff, sa_flags=0x10000004
SIGXFSZ: [libjvm.so+0x684dd0], sa_mask[0]=0x7ffbfeff, sa_flags=0x10000004
SIGILL: [libjvm.so+0x684dd0], sa_mask[0]=0x7ffbfeff, sa_flags=0x10000004
SIGUSR1: SIG_DFL, sa_mask[0]=0x00000000, sa_flags=0x00000000
SIGUSR2: [libjvm.so+0x684c60], sa_mask[0]=0x00000004, sa_flags=0x10000004
SIGHUP: [libjvm.so+0x684e90], sa_mask[0]=0x7ffbfeff, sa_flags=0x10000004
SIGINT: SIG_IGN, sa_mask[0]=0x00000000, sa_flags=0x00000000
SIGTERM: [libjvm.so+0x684e90], sa_mask[0]=0x7ffbfeff, sa_flags=0x10000004
SIGQUIT: [libjvm.so+0x684e90], sa_mask[0]=0x7ffbfeff, sa_flags=0x10000004
SIGTRAP: SIG_DFL, sa_mask[0]=0x00000000, sa_flags=0x00000000


---------------  S Y S T E M  ---------------

OS:Ubuntu 14.04 (trusty)
uname:Linux 3.13.0-57-generic #95-Ubuntu SMP Fri Jun 19 09:27:48 UTC 2015 i686
libc:glibc 2.19 NPTL 2.19 
rlimit: STACK 8192k, CORE 0k, NPROC 63855, NOFILE 4096, AS infinity
load average:1,39 0,49 0,26

/proc/meminfo:
MemTotal:        8192776 kB
MemFree:         6858496 kB
Buffers:          110676 kB
Cached:           584808 kB
SwapCached:            0 kB
Active:           738412 kB
Inactive:         521424 kB
Active(anon):     565672 kB
Inactive(anon):    66476 kB
Active(file):     172740 kB
Inactive(file):   454948 kB
Unevictable:          32 kB
Mlocked:              32 kB
HighTotal:       7378852 kB
HighFree:        6272464 kB
LowTotal:         813924 kB
LowFree:          586032 kB
SwapTotal:       7998460 kB
SwapFree:        7998460 kB
Dirty:              6332 kB
Writeback:             0 kB
AnonPages:        564472 kB
Mapped:           117796 kB
Shmem:             67804 kB
Slab:              44152 kB
SReclaimable:      27836 kB
SUnreclaim:        16316 kB
KernelStack:        2464 kB
PageTables:         5964 kB
NFS_Unstable:          0 kB
Bounce:                0 kB
WritebackTmp:          0 kB
CommitLimit:    12094848 kB
Committed_AS:    1711828 kB
VmallocTotal:     122880 kB
VmallocUsed:       20388 kB
VmallocChunk:      98808 kB
HardwareCorrupted:     0 kB
AnonHugePages:    354304 kB
HugePages_Total:       0
HugePages_Free:        0
HugePages_Rsvd:        0
HugePages_Surp:        0
Hugepagesize:       2048 kB
DirectMap4k:       18424 kB
DirectMap2M:      894976 kB


CPU:total 4 (2 cores per cpu, 2 threads per core) family 6 model 69 stepping 1, cmov, cx8, fxsr, mmx, sse, sse2, sse3, ssse3, sse4.1, sse4.2, popcnt, avx, avx2, aes, erms, ht, tsc, tscinvbit

/proc/cpuinfo:
processor	: 0
vendor_id	: GenuineIntel
cpu family	: 6
model		: 69
model name	: Intel(R) Core(TM) i5-4310U CPU @ 2.00GHz
stepping	: 1
microcode	: 0x17
cpu MHz		: 1600.000
cache size	: 3072 KB
physical id	: 0
siblings	: 4
core id		: 0
cpu cores	: 2
apicid		: 0
initial apicid	: 0
fdiv_bug	: no
f00f_bug	: no
coma_bug	: no
fpu		: yes
fpu_exception	: yes
cpuid level	: 13
wp		: yes
flags		: fpu vme de pse tsc msr pae mce cx8 apic sep mtrr pge mca cmov pat pse36 clflush dts acpi mmx fxsr sse sse2 ss ht tm pbe nx pdpe1gb rdtscp lm constant_tsc arch_perfmon pebs bts xtopology nonstop_tsc aperfmperf eagerfpu pni pclmulqdq dtes64 monitor ds_cpl vmx smx est tm2 ssse3 fma cx16 xtpr pdcm pcid sse4_1 sse4_2 x2apic movbe popcnt tsc_deadline_timer aes xsave avx f16c rdrand lahf_lm abm ida arat epb xsaveopt pln pts dtherm tpr_shadow vnmi flexpriority ept vpid fsgsbase tsc_adjust bmi1 hle avx2 smep bmi2 erms invpcid rtm
bogomips	: 5188.16
clflush size	: 64
cache_alignment	: 64
address sizes	: 39 bits physical, 48 bits virtual
power management:

processor	: 1
vendor_id	: GenuineIntel
cpu family	: 6
model		: 69
model name	: Intel(R) Core(TM) i5-4310U CPU @ 2.00GHz
stepping	: 1
microcode	: 0x17
cpu MHz		: 2200.000
cache size	: 3072 KB
physical id	: 0
siblings	: 4
core id		: 1
cpu cores	: 2
apicid		: 2
initial apicid	: 2
fdiv_bug	: no
f00f_bug	: no
coma_bug	: no
fpu		: yes
fpu_exception	: yes
cpuid level	: 13
wp		: yes
flags		: fpu vme de pse tsc msr pae mce cx8 apic sep mtrr pge mca cmov pat pse36 clflush dts acpi mmx fxsr sse sse2 ss ht tm pbe nx pdpe1gb rdtscp lm constant_tsc arch_perfmon pebs bts xtopology nonstop_tsc aperfmperf eagerfpu pni pclmulqdq dtes64 monitor ds_cpl vmx smx est tm2 ssse3 fma cx16 xtpr pdcm pcid sse4_1 sse4_2 x2apic movbe popcnt tsc_deadline_timer aes xsave avx f16c rdrand lahf_lm abm ida arat epb xsaveopt pln pts dtherm tpr_shadow vnmi flexpriority ept vpid fsgsbase tsc_adjust bmi1 hle avx2 smep bmi2 erms invpcid rtm
bogomips	: 5188.16
clflush size	: 64
cache_alignment	: 64
address sizes	: 39 bits physical, 48 bits virtual
power management:

processor	: 2
vendor_id	: GenuineIntel
cpu family	: 6
model		: 69
model name	: Intel(R) Core(TM) i5-4310U CPU @ 2.00GHz
stepping	: 1
microcode	: 0x17
cpu MHz		: 1900.000
cache size	: 3072 KB
physical id	: 0
siblings	: 4
core id		: 0
cpu cores	: 2
apicid		: 1
initial apicid	: 1
fdiv_bug	: no
f00f_bug	: no
coma_bug	: no
fpu		: yes
fpu_exception	: yes
cpuid level	: 13
wp		: yes
flags		: fpu vme de pse tsc msr pae mce cx8 apic sep mtrr pge mca cmov pat pse36 clflush dts acpi mmx fxsr sse sse2 ss ht tm pbe nx pdpe1gb rdtscp lm constant_tsc arch_perfmon pebs bts xtopology nonstop_tsc aperfmperf eagerfpu pni pclmulqdq dtes64 monitor ds_cpl vmx smx est tm2 ssse3 fma cx16 xtpr pdcm pcid sse4_1 sse4_2 x2apic movbe popcnt tsc_deadline_timer aes xsave avx f16c rdrand lahf_lm abm ida arat epb xsaveopt pln pts dtherm tpr_shadow vnmi flexpriority ept vpid fsgsbase tsc_adjust bmi1 hle avx2 smep bmi2 erms invpcid rtm
bogomips	: 5188.16
clflush size	: 64
cache_alignment	: 64
address sizes	: 39 bits physical, 48 bits virtual
power management:

processor	: 3
vendor_id	: GenuineIntel
cpu family	: 6
model		: 69
model name	: Intel(R) Core(TM) i5-4310U CPU @ 2.00GHz
stepping	: 1
microcode	: 0x17
cpu MHz		: 2601.000
cache size	: 3072 KB
physical id	: 0
siblings	: 4
core id		: 1
cpu cores	: 2
apicid		: 3
initial apicid	: 3
fdiv_bug	: no
f00f_bug	: no
coma_bug	: no
fpu		: yes
fpu_exception	: yes
cpuid level	: 13
wp		: yes
flags		: fpu vme de pse tsc msr pae mce cx8 apic sep mtrr pge mca cmov pat pse36 clflush dts acpi mmx fxsr sse sse2 ss ht tm pbe nx pdpe1gb rdtscp lm constant_tsc arch_perfmon pebs bts xtopology nonstop_tsc aperfmperf eagerfpu pni pclmulqdq dtes64 monitor ds_cpl vmx smx est tm2 ssse3 fma cx16 xtpr pdcm pcid sse4_1 sse4_2 x2apic movbe popcnt tsc_deadline_timer aes xsave avx f16c rdrand lahf_lm abm ida arat epb xsaveopt pln pts dtherm tpr_shadow vnmi flexpriority ept vpid fsgsbase tsc_adjust bmi1 hle avx2 smep bmi2 erms invpcid rtm
bogomips	: 5188.16
clflush size	: 64
cache_alignment	: 64
address sizes	: 39 bits physical, 48 bits virtual
power management:



Memory: 4k page, physical 8192776k(6858496k free), swap 7998460k(7998460k free)

vm_info: OpenJDK Server VM (24.79-b02) for linux-x86 JRE (1.7.0_79-b14), built on Apr 16 2015 08:24:42 by "buildd" with gcc 4.8.2

time: Tue Jul 14 17:16:46 2015
elapsed time: 3 seconds

